#
# A fatal error has been detected by the Java Runtime Environment:
#
#  EXCEPTION_ACCESS_VIOLATION (0xc0000005) at pc=0x000000a4000000a4, pid=3548, tid=8780
#
# JRE version: OpenJDK Runtime Environment (17.0.15+10) (build 17.0.15+10-LTS)
# Java VM: OpenJDK 64-Bit Server VM (17.0.15+10-LTS, mixed mode, tiered, compressed oops, compressed class ptrs, g1 gc, windows-aarch64)
# Problematic frame:
# C  0x000000a4000000a4
#
# No core dump will be written. Minidumps are not enabled by default on client versions of Windows
#
# If you would like to submit a bug report, please visit:
#   https://bell-sw.com/support
# The crash happened outside the Java Virtual Machine in native code.
# See problematic frame for where to report the bug.
#

---------------  S U M M A R Y ------------

Command Line: -javaagent:C:\Program Files\JetBrains\IntelliJ IDEA 2025.1.1.1\lib\idea_rt.jar=56910 -Dfile.encoding=UTF-8 --module-path=C:\Users\sherr\.m2\repository\org\openjfx\javafx-controls\17.0.6\javafx-controls-17.0.6-win.jar;C:\Users\sherr\IdeaProjects\SoftwareArchitectureDesign-Group10\target\classes;C:\Users\sherr\.m2\repository\org\openjfx\javafx-web\17.0.6\javafx-web-17.0.6-win.jar;C:\Users\sherr\.m2\repository\org\openjfx\javafx-graphics\17.0.6\javafx-graphics-17.0.6-win.jar;C:\Users\sherr\.m2\repository\com\dlsc\formsfx\formsfx-core\11.6.0\formsfx-core-11.6.0.jar;C:\Users\sherr\.m2\repository\org\kordamp\bootstrapfx\bootstrapfx-core\0.4.0\bootstrapfx-core-0.4.0.jar;C:\Users\sherr\.m2\repository\net\synedra\validatorfx\0.5.0\validatorfx-0.5.0.jar;C:\Users\sherr\.m2\repository\org\openjfx\javafx-base\17.0.6\javafx-base-17.0.6-win.jar;C:\Users\sherr\.m2\repository\org\openjfx\javafx-media\17.0.6\javafx-media-17.0.6-win.jar;C:\Users\sherr\.m2\repository\org\controlsfx\controlsfx\11.2.1\controlsfx-11.2.1.jar;C:\Users\sherr\.m2\repository\org\kordamp\ikonli\ikonli-core\12.3.1\ikonli-core-12.3.1.jar;C:\Users\sherr\.m2\repository\org\openjfx\javafx-fxml\17.0.6\javafx-fxml-17.0.6-win.jar;C:\Users\sherr\.m2\repository\org\kordamp\ikonli\ikonli-javafx\12.3.1\ikonli-javafx-12.3.1.jar -Djdk.module.main=org.softwarearchitecturedesigngroup10 org.softwarearchitecturedesigngroup10/org.softwarearchitecturedesigngroup10.MainApplication

Host: Snapdragon(R) X Elite - X1E80100 - Qualcomm(R) Oryon(TM) CPU, 12 cores, 15G,  Windows 11 , 64 bit Build 26100 (10.0.26100.3912)
Time: Wed May 14 16:33:56 2025 W. Europe Summer Time elapsed time: 34.937789 seconds (0d 0h 0m 34s)

---------------  T H R E A D  ---------------

Current thread (0x000001ad2d0f0520):  JavaThread "Thread-2" daemon [_thread_in_native, id=8780, stack(0x0000004de3900000,0x0000004de3a00000)]

Stack: [0x0000004de3900000,0x0000004de3a00000],  sp=0x0000004de39ff9e0,  free space=1022k
Native frames: (J=compiled Java code, j=interpreted, Vv=VM code, C=native code)
C  0x000000a4000000a4


siginfo: EXCEPTION_ACCESS_VIOLATION (0xc0000005), data execution prevention violation at address 0x000000a4000000a4


Registers:
X0 =0x000001ad3220a700, X1 =0x0000000000000000, X2 =0x000001ad3220a700, X3 =0x0000000000000000
X4 =0x0000000000000000, X5 =0x0000000000000000, X6 =0x0000000000000000, X7 =0x0000000000000000
X8 =0x000000a4000000a4, X9 =0x000001ad00680ac0, X10=0x00007ff8ca987c60, X11=0x00007ff8ca987c60
X12=0x0000000000000000, X13=0x0000000000000000, X14=0x0000000000000000, X15=0x00007ff8e9e1eee0
X16=0x00007ff8ca939f70, X17=0x0000000000000000, X18=0x0000000000000000, X19=0x00007ff8ca987860
, X20=0x00007ff8ca987000, X21=0x00007ff8ca987878, X22=0x0000000000000010, X23=0x0000000000000000
, X24=0x0000000000000000, X25=0x00007ff8ca987820, X26=0x00007ff8e9e1eee0, X27=0x000001ad3220a700, X28=0x0000000000000000


Register to memory mapping:

 X0=0x000001ad3220a700 points into unknown readable memory: 0x00007ff8e9e20000 | 00 00 e2 e9 f8 7f 00 00
 X1=0x0 is NULL
 X2=0x000001ad3220a700 points into unknown readable memory: 0x00007ff8e9e20000 | 00 00 e2 e9 f8 7f 00 00
 X3=0x0 is NULL

 X4=0x0 is NULL
 X5=0x0 is NULL
 X6=0x0 is NULL
 X7=0x0 is NULL

 X8=0x000000a4000000a4 is an unknown value
 X9=0x000001ad00680ac0 points into unknown readable memory: 0x0000000000000000 | 00 00 00 00 00 00 00 00
X10=0x00007ff8ca987c60 WINMM.dll
X11=0x00007ff8ca987c60 WINMM.dll

X12=0x0 is NULL
X13=0x0 is NULL
X14=0x0 is NULL
X15=0x00007ff8e9e1eee0 glass.dll

X16=0x00007ff8ca939f70 WINMM.dll
X17=0x0 is NULL
X18=0x0 is NULL
X19=0x00007ff8ca987860 WINMM.dll

X20=0x00007ff8ca987000 WINMM.dll
X21=0x00007ff8ca987878 WINMM.dll
X22=0x0000000000000010 is an unknown value
X23=0x0 is NULL

X24=0x0 is NULL
X25=0x00007ff8ca987820 WINMM.dll
X26=0x00007ff8e9e1eee0 glass.dll
X27=0x000001ad3220a700 points into unknown readable memory: 0x00007ff8e9e20000 | 00 00 e2 e9 f8 7f 00 00
X28=0x0 is NULL


Top of Stack: (sp=0x0000004de39ff9e0)
0x0000004de39ff9e0:   0000004de39ffa50 0925fff8ca93cd04
0x0000004de39ff9f0:   000000156595876e 0000004de39ffa60
0x0000004de39ffa00:   fffffffffffd9548 0000004de39ffa60
0x0000004de39ffa10:   0000000000000002 0000000000000000
0x0000004de39ffa20:   0000000000000000 0000000000000000
0x0000004de39ffa30:   0000000000000000 0000000000000000
0x0000004de39ffa40:   0000000000000000 0000000000000000
0x0000004de39ffa50:   0000004de39ffb50 740dfff9136b8740
0x0000004de39ffa60:   0000000000000002 0000001000000000
0x0000004de39ffa70:   0000000000000000 0000000000000000
0x0000004de39ffa80:   0000000000000000 0000000000000000
0x0000004de39ffa90:   0000000000000000 0000000000000000
0x0000004de39ffaa0:   0000000000000000 0000000000000000
0x0000004de39ffab0:   0000000000000704 00000000000006e8
0x0000004de39ffac0:   0000000000000000 0000000000000000
0x0000004de39ffad0:   0000000000000000 0000000000000000
0x0000004de39ffae0:   0000000000000000 0000000000000000
0x0000004de39ffaf0:   0000000000000000 0000000000000000
0x0000004de39ffb00:   0000000000000000 0000000000000000
0x0000004de39ffb10:   0000000000000000 0000000000000000
0x0000004de39ffb20:   0000000000000000 0000000000000000
0x0000004de39ffb30:   0000000000000000 0000000000000000
0x0000004de39ffb40:   0000000000000000 00000390fffffc70
0x0000004de39ffb50:   0000004de39ffb60 f35e7ff916817594
0x0000004de39ffb60:   0000000000000000 0317000000000000
0x0000004de39ffb70:   0000000000000000 0000000000000000
0x0000004de39ffb80:   0000000000000000 0000000000000000
0x0000004de39ffb90:   0000000000000000 0000000000000000
0x0000004de39ffba0:   0000000000000000 0000000000000000
0x0000004de39ffbb0:   0000000000000000 0000000000000000
0x0000004de39ffbc0:   0000000000000000 0000000000000000
0x0000004de39ffbd0:   0000000000000000 0000000000000000 

Instructions: (pc=0x000000a4000000a4)
0x000000a400000084:   ?? ?? ?? ?? ?? ?? ?? ?? ?? ?? ?? ?? ?? ?? ?? ??
0x000000a400000094:   ?? ?? ?? ?? ?? ?? ?? ?? ?? ?? ?? ?? ?? ?? ?? ??
0x000000a4000000a4:   ?? ?? ?? ?? ?? ?? ?? ?? ?? ?? ?? ?? ?? ?? ?? ??
0x000000a4000000b4:   ?? ?? ?? ?? ?? ?? ?? ?? ?? ?? ?? ?? ?? ?? ?? ?? 


Stack slot to memory mapping:
stack at sp + 0 slots: 0x0000004de39ffa50 is pointing into the stack for thread: 0x000001ad2d0f0520
stack at sp + 1 slots: 0x0925fff8ca93cd04 is an unknown value
stack at sp + 2 slots: 0x000000156595876e is an unknown value
stack at sp + 3 slots: 0x0000004de39ffa60 is pointing into the stack for thread: 0x000001ad2d0f0520
stack at sp + 4 slots: 0xfffffffffffd9548 is an unknown value
stack at sp + 5 slots: 0x0000004de39ffa60 is pointing into the stack for thread: 0x000001ad2d0f0520
stack at sp + 6 slots: 0x0000000000000002 is an unknown value
stack at sp + 7 slots: 0x0 is NULL


---------------  P R O C E S S  ---------------

Threads class SMR info:
_java_thread_list=0x000001ad323671e0, length=22, elements={
0x000001ad0167a350, 0x000001ad01679510, 0x000001ad0167b650, 0x000001ad0167bb10,
0x000001ad01679e90, 0x000001ad0167c490, 0x000001ad018e7f40, 0x000001ad01911d30,
0x000001ad01912640, 0x000001ad0167bfd0, 0x000001ad0167c950, 0x000001ad01679050,
0x000001ad2d0f1ce0, 0x000001ad2d0f09e0, 0x000001ad2d0f2b20, 0x000001ad2d0f2660,
0x000001ad2d0f2fe0, 0x000001ad2d0f0520, 0x000001ad2d0f1360, 0x000001ad2d0f7260,
0x000001ad3b43a960, 0x000001ad3b43a4a0
}

Java Threads: ( => current thread )
  0x000001ad0167a350 JavaThread "Reference Handler" daemon [_thread_blocked, id=11420, stack(0x0000004de1900000,0x0000004de1a00000)]
  0x000001ad01679510 JavaThread "Finalizer" daemon [_thread_blocked, id=192, stack(0x0000004de1a00000,0x0000004de1b00000)]
  0x000001ad0167b650 JavaThread "Signal Dispatcher" daemon [_thread_blocked, id=4820, stack(0x0000004de1b00000,0x0000004de1c00000)]
  0x000001ad0167bb10 JavaThread "Attach Listener" daemon [_thread_blocked, id=18064, stack(0x0000004de1c00000,0x0000004de1d00000)]
  0x000001ad01679e90 JavaThread "Service Thread" daemon [_thread_blocked, id=5352, stack(0x0000004de1d00000,0x0000004de1e00000)]
  0x000001ad0167c490 JavaThread "Monitor Deflation Thread" daemon [_thread_blocked, id=11220, stack(0x0000004de1e00000,0x0000004de1f00000)]
  0x000001ad018e7f40 JavaThread "C2 CompilerThread0" daemon [_thread_in_native, id=19928, stack(0x0000004de1f00000,0x0000004de2000000)]
  0x000001ad01911d30 JavaThread "C1 CompilerThread0" daemon [_thread_blocked, id=4204, stack(0x0000004de2000000,0x0000004de2100000)]
  0x000001ad01912640 JavaThread "Sweeper thread" daemon [_thread_blocked, id=5812, stack(0x0000004de2100000,0x0000004de2200000)]
  0x000001ad0167bfd0 JavaThread "Common-Cleaner" daemon [_thread_blocked, id=12672, stack(0x0000004de2200000,0x0000004de2300000)]
  0x000001ad0167c950 JavaThread "Monitor Ctrl-Break" daemon [_thread_in_native, id=9836, stack(0x0000004de2500000,0x0000004de2600000)]
  0x000001ad01679050 JavaThread "Notification Thread" daemon [_thread_blocked, id=6384, stack(0x0000004de2600000,0x0000004de2700000)]
  0x000001ad2d0f1ce0 JavaThread "RMI TCP Accept-0" daemon [_thread_in_native, id=17648, stack(0x0000004de2900000,0x0000004de2a00000)]
  0x000001ad2d0f09e0 JavaThread "InvokeLaterDispatcher" daemon [_thread_blocked, id=4720, stack(0x0000004de2a00000,0x0000004de2b00000)]
  0x000001ad2d0f2b20 JavaThread "RMI TCP Connection(1)-172.19.173.117" daemon [_thread_in_native, id=11228, stack(0x0000004de3500000,0x0000004de3600000)]
  0x000001ad2d0f2660 JavaThread "RMI Scheduler(0)" daemon [_thread_blocked, id=5780, stack(0x0000004de3600000,0x0000004de3700000)]
  0x000001ad2d0f2fe0 JavaThread "JMX server connection timeout 24" daemon [_thread_blocked, id=20012, stack(0x0000004de3700000,0x0000004de3800000)]
=>0x000001ad2d0f0520 JavaThread "Thread-2" daemon [_thread_in_native, id=8780, stack(0x0000004de3900000,0x0000004de3a00000)]
  0x000001ad2d0f1360 JavaThread "Prism Font Disposer" daemon [_thread_blocked, id=20772, stack(0x0000004de4000000,0x0000004de4100000)]
  0x000001ad2d0f7260 JavaThread "Cleaner-0" daemon [_thread_blocked, id=20252, stack(0x0000004de4100000,0x0000004de4200000)]
  0x000001ad3b43a960 JavaThread "RMI TCP Connection(idle)" daemon [_thread_blocked, id=10092, stack(0x0000004de2300000,0x0000004de2400000)]
  0x000001ad3b43a4a0 JavaThread "DestroyJavaVM" [_thread_blocked, id=6952, stack(0x0000004de1200000,0x0000004de1300000)]

Other Threads:
  0x000001ad018aedb0 VMThread "VM Thread" [stack: 0x0000004de1800000,0x0000004de1900000] [id=5532]
  0x000001ad01945d20 WatcherThread [stack: 0x0000004de2700000,0x0000004de2800000] [id=4296]
  0x000001ad01611c80 GCTaskThread "GC Thread#0" [stack: 0x0000004de1300000,0x0000004de1400000] [id=7868]
  0x000001ad2d782d20 GCTaskThread "GC Thread#1" [stack: 0x0000004de2c00000,0x0000004de2d00000] [id=17900]
  0x000001ad2d1e62b0 GCTaskThread "GC Thread#2" [stack: 0x0000004de2d00000,0x0000004de2e00000] [id=20516]
  0x000001ad2d4c04c0 GCTaskThread "GC Thread#3" [stack: 0x0000004de2e00000,0x0000004de2f00000] [id=18976]
  0x000001ad2daa8740 GCTaskThread "GC Thread#4" [stack: 0x0000004de2f00000,0x0000004de3000000] [id=18636]
  0x000001ad2d5e3700 GCTaskThread "GC Thread#5" [stack: 0x0000004de3000000,0x0000004de3100000] [id=21172]
  0x000001ad2d4c0790 GCTaskThread "GC Thread#6" [stack: 0x0000004de3100000,0x0000004de3200000] [id=3276]
  0x000001ad2d4bf880 GCTaskThread "GC Thread#7" [stack: 0x0000004de3200000,0x0000004de3300000] [id=19308]
  0x000001ad2d4bfb50 GCTaskThread "GC Thread#8" [stack: 0x0000004de3300000,0x0000004de3400000] [id=21336]
  0x000001ad01eaf040 GCTaskThread "GC Thread#9" [stack: 0x0000004de3400000,0x0000004de3500000] [id=11708]
  0x000001ad01644c40 ConcurrentGCThread "G1 Main Marker" [stack: 0x0000004de1400000,0x0000004de1500000] [id=4788]
  0x000001ad01620d10 ConcurrentGCThread "G1 Conc#0" [stack: 0x0000004de1500000,0x0000004de1600000] [id=12920]
  0x000001ad32207bd0 ConcurrentGCThread "G1 Conc#1" [stack: 0x0000004de3b00000,0x0000004de3c00000] [id=12616]
  0x000001ad32207390 ConcurrentGCThread "G1 Conc#2" [stack: 0x0000004de3c00000,0x0000004de3d00000] [id=18784]
  0x000001ad01711b30 ConcurrentGCThread "G1 Refine#0" [stack: 0x0000004de1600000,0x0000004de1700000] [id=3776]
  0x000001ad01722600 ConcurrentGCThread "G1 Service" [stack: 0x0000004de1700000,0x0000004de1800000] [id=21160]

Threads with active compile tasks:
C2 CompilerThread0    34982 2949       4       java.lang.invoke.MethodType::makeImpl (109 bytes)

VM state: not at safepoint (normal execution)

VM Mutex/Monitor currently owned by a thread: None

Heap address: 0x0000000706600000, size: 3994 MB, Compressed Oops mode: Zero based, Oop shift amount: 3

CDS archive(s) not mapped
Compressed class space mapped at: 0x0000000800000000-0x0000000840000000, reserved size: 1073741824
Narrow klass base: 0x0000000800000000, Narrow klass shift: 0, Narrow klass range: 0x40000000

GC Precious Log:
 CPUs: 12 total, 12 available
 Memory: 15973M
 Large Page Support: Disabled
 NUMA Support: Disabled
 Compressed Oops: Enabled (Zero based)
 Heap Region Size: 2M
 Heap Min Capacity: 8M
 Heap Initial Capacity: 250M
 Heap Max Capacity: 3994M
 Pre-touch: Disabled
 Parallel Workers: 10
 Concurrent Workers: 3
 Concurrent Refinement Workers: 10
 Periodic GC: Disabled

Heap:
 garbage-first heap   total 34816K, used 20962K [0x0000000706600000, 0x0000000800000000)
  region size 2048K, 9 young (18432K), 2 survivors (4096K)
 Metaspace       used 26604K, committed 26880K, reserved 1114112K
  class space    used 2954K, committed 3072K, reserved 1048576K

Heap Regions: E=young(eden), S=young(survivor), O=old, HS=humongous(starts), HC=humongous(continues), CS=collection set, F=free, OA=open archive, CA=closed archive, TAMS=top-at-mark-start (previous, next)
|   0|0x0000000706600000, 0x0000000706800000, 0x0000000706800000|100%| O|  |TAMS 0x0000000706600000, 0x0000000706600000| Untracked 
|   1|0x0000000706800000, 0x000000070691f600, 0x0000000706a00000| 56%| O|  |TAMS 0x0000000706800000, 0x0000000706800000| Complete 
|   2|0x0000000706a00000, 0x0000000706c00000, 0x0000000706c00000|100%|HS|  |TAMS 0x0000000706a00000, 0x0000000706a00000| Complete 
|   3|0x0000000706c00000, 0x0000000706c00000, 0x0000000706e00000|  0%| F|  |TAMS 0x0000000706c00000, 0x0000000706c00000| Untracked 
|   4|0x0000000706e00000, 0x0000000706e00000, 0x0000000707000000|  0%| F|  |TAMS 0x0000000706e00000, 0x0000000706e00000| Untracked 
|   5|0x0000000707000000, 0x0000000707000000, 0x0000000707200000|  0%| F|  |TAMS 0x0000000707000000, 0x0000000707000000| Untracked 
|   6|0x0000000707200000, 0x0000000707200000, 0x0000000707400000|  0%| F|  |TAMS 0x0000000707200000, 0x0000000707200000| Untracked 
|   7|0x0000000707400000, 0x0000000707400000, 0x0000000707600000|  0%| F|  |TAMS 0x0000000707400000, 0x0000000707400000| Untracked 
|   8|0x0000000707600000, 0x00000007076f92b0, 0x0000000707800000| 48%| E|  |TAMS 0x0000000707600000, 0x0000000707600000| Complete 
|   9|0x0000000707800000, 0x0000000707a00000, 0x0000000707a00000|100%| E|CS|TAMS 0x0000000707800000, 0x0000000707800000| Complete 
|  10|0x0000000707a00000, 0x0000000707c00000, 0x0000000707c00000|100%| E|CS|TAMS 0x0000000707a00000, 0x0000000707a00000| Complete 
|  11|0x0000000707c00000, 0x0000000707e00000, 0x0000000707e00000|100%| E|CS|TAMS 0x0000000707c00000, 0x0000000707c00000| Complete 
|  12|0x0000000707e00000, 0x0000000708000000, 0x0000000708000000|100%| E|CS|TAMS 0x0000000707e00000, 0x0000000707e00000| Complete 
|  13|0x0000000708000000, 0x0000000708200000, 0x0000000708200000|100%| E|CS|TAMS 0x0000000708000000, 0x0000000708000000| Complete 
| 118|0x0000000715200000, 0x00000007153595a0, 0x0000000715400000| 67%| S|CS|TAMS 0x0000000715200000, 0x0000000715200000| Complete 
| 119|0x0000000715400000, 0x0000000715600000, 0x0000000715600000|100%| S|CS|TAMS 0x0000000715400000, 0x0000000715400000| Complete 
| 124|0x0000000715e00000, 0x0000000716000000, 0x0000000716000000|100%| E|CS|TAMS 0x0000000715e00000, 0x0000000715e00000| Complete 

Card table byte_map: [0x000001ad1d000000,0x000001ad1d7d0000] _byte_map_base: 0x000001ad197cd000

Marking Bits (Prev, Next): (CMBitMap*) 0x000001ad011fe5c0, (CMBitMap*) 0x000001ad011fe580
 Prev Bits: [0x000001ad21e10000, 0x000001ad25c78000)
 Next Bits: [0x000001ad1dfa0000, 0x000001ad21e08000)

Polling page: 0x000001ad00c70000

Metaspace:

Usage:
  Non-class:     23.10 MB used.
      Class:      2.89 MB used.
       Both:     25.98 MB used.

Virtual space:
  Non-class space:       64.00 MB reserved,      23.25 MB ( 36%) committed,  1 nodes.
      Class space:        1.00 GB reserved,       3.00 MB ( <1%) committed,  1 nodes.
             Both:        1.06 GB reserved,      26.25 MB (  2%) committed. 

Chunk freelists:
   Non-Class:  7.91 MB
       Class:  13.01 MB
        Both:  20.91 MB

MaxMetaspaceSize: unlimited
CompressedClassSpaceSize: 1.00 GB
Initial GC threshold: 21.00 MB
Current GC threshold: 35.12 MB
CDS: off
MetaspaceReclaimPolicy: balanced
 - commit_granule_bytes: 65536.
 - commit_granule_words: 8192.
 - virtual_space_node_default_size: 8388608.
 - enlarge_chunks_in_place: 1.
 - new_chunks_are_fully_committed: 0.
 - uncommit_free_chunks: 1.
 - use_allocation_guard: 0.
 - handle_deallocations: 1.


Internal statistics:

num_allocs_failed_limit: 3.
num_arena_births: 316.
num_arena_deaths: 0.
num_vsnodes_births: 2.
num_vsnodes_deaths: 0.
num_space_committed: 420.
num_space_uncommitted: 0.
num_chunks_returned_to_freelist: 3.
num_chunks_taken_from_freelist: 896.
num_chunk_merges: 3.
num_chunk_splits: 545.
num_chunks_enlarged: 341.
num_inconsistent_stats: 0.

CodeHeap 'non-profiled nmethods': size=120000Kb used=1222Kb max_used=1222Kb free=118777Kb
 bounds [0x000001ad13d00000, 0x000001ad13f70000, 0x000001ad1b230000]
CodeHeap 'profiled nmethods': size=120000Kb used=5546Kb max_used=5546Kb free=114453Kb
 bounds [0x000001ad0c230000, 0x000001ad0c7a0000, 0x000001ad13760000]
CodeHeap 'non-nmethods': size=5760Kb used=1424Kb max_used=1516Kb free=4335Kb
 bounds [0x000001ad13760000, 0x000001ad139d0000, 0x000001ad13d00000]
 total_blobs=3745 nmethods=2947 adapters=712
 compilation: enabled
              stopped_count=0, restarted_count=0
 full_count=0

Compilation events (20 events):
Event: 34.430 Thread 0x000001ad01911d30 nmethod 2940 0x000001ad0c796d10 code [0x000001ad0c796ec0, 0x000001ad0c797048]
Event: 34.627 Thread 0x000001ad018e7f40 2941       4       javafx.scene.CssStyleHelper::getStyle (162 bytes)
Event: 34.629 Thread 0x000001ad01911d30 2942       3       javafx.scene.layout.Pane::getConstraint (26 bytes)
Event: 34.631 Thread 0x000001ad01911d30 nmethod 2942 0x000001ad0c797110 code [0x000001ad0c797380, 0x000001ad0c797c78]
Event: 34.631 Thread 0x000001ad01911d30 2944       3       com.sun.javafx.geom.transform.Affine3D::restoreTransform (75 bytes)
Event: 34.631 Thread 0x000001ad01911d30 nmethod 2944 0x000001ad0c797f90 code [0x000001ad0c798140, 0x000001ad0c798308]
Event: 34.631 Thread 0x000001ad01911d30 2943       3       javafx.scene.Node::hasProperties (25 bytes)
Event: 34.631 Thread 0x000001ad01911d30 nmethod 2943 0x000001ad0c798410 code [0x000001ad0c7985c0, 0x000001ad0c798848]
Event: 34.641 Thread 0x000001ad01911d30 2945       3       com.sun.scenario.animation.AbstractPrimaryTimer::nanos (37 bytes)
Event: 34.642 Thread 0x000001ad01911d30 nmethod 2945 0x000001ad0c798910 code [0x000001ad0c798ac0, 0x000001ad0c798cd8]
Event: 34.661 Thread 0x000001ad018e7f40 nmethod 2941 0x000001ad13e2f610 code [0x000001ad13e2f900, 0x000001ad13e304b0]
Event: 34.841 Thread 0x000001ad018e7f40 2946       4       java.util.HashMap::containsKey (14 bytes)
Event: 34.842 Thread 0x000001ad01911d30 2947       3       javafx.collections.ListChangeBuilder::checkState (18 bytes)
Event: 34.843 Thread 0x000001ad01911d30 nmethod 2947 0x000001ad0c798d90 code [0x000001ad0c798f40, 0x000001ad0c799148]
Event: 34.843 Thread 0x000001ad01911d30 2948       3       javafx.beans.property.ReadOnlyBooleanWrapper::fireValueChangedEvent (19 bytes)
Event: 34.843 Thread 0x000001ad01911d30 nmethod 2948 0x000001ad0c799290 code [0x000001ad0c799480, 0x000001ad0c799a38]
Event: 34.854 Thread 0x000001ad018e7f40 nmethod 2946 0x000001ad13e30f90 code [0x000001ad13e31180, 0x000001ad13e31630]
Event: 34.871 Thread 0x000001ad018e7f40 2949       4       java.lang.invoke.MethodType::makeImpl (109 bytes)
Event: 34.881 Thread 0x000001ad01911d30 2951       3       java.lang.invoke.MethodHandles$Lookup::checkMethod (87 bytes)
Event: 34.882 Thread 0x000001ad01911d30 nmethod 2951 0x000001ad0c799c10 code [0x000001ad0c799e80, 0x000001ad0c79a5f8]

GC Heap History (4 events):
Event: 0.333 GC heap before
{Heap before GC invocations=0 (full 0):
 garbage-first heap   total 256000K, used 22528K [0x0000000706600000, 0x0000000800000000)
  region size 2048K, 11 young (22528K), 0 survivors (0K)
 Metaspace       used 15545K, committed 15808K, reserved 1114112K
  class space    used 1543K, committed 1664K, reserved 1048576K
}
Event: 0.337 GC heap after
{Heap after GC invocations=1 (full 0):
 garbage-first heap   total 256000K, used 3327K [0x0000000706600000, 0x0000000800000000)
  region size 2048K, 2 young (4096K), 2 survivors (4096K)
 Metaspace       used 15545K, committed 15808K, reserved 1114112K
  class space    used 1543K, committed 1664K, reserved 1048576K
}
Event: 0.471 GC heap before
{Heap before GC invocations=1 (full 0):
 garbage-first heap   total 256000K, used 11519K [0x0000000706600000, 0x0000000800000000)
  region size 2048K, 7 young (14336K), 2 survivors (4096K)
 Metaspace       used 21277K, committed 21504K, reserved 1114112K
  class space    used 2282K, committed 2432K, reserved 1048576K
}
Event: 0.476 GC heap after
{Heap after GC invocations=2 (full 0):
 garbage-first heap   total 256000K, used 6626K [0x0000000706600000, 0x0000000800000000)
  region size 2048K, 2 young (4096K), 2 survivors (4096K)
 Metaspace       used 21277K, committed 21504K, reserved 1114112K
  class space    used 2282K, committed 2432K, reserved 1048576K
}

Dll operation events (20 events):
Event: 0.218 Loaded shared library C:\Windows\System32\ucrtbase.dll
Event: 0.218 Loaded shared library C:\Program Files (Arm)\BellSoft\LibericaJDK-17-Full\bin\vcruntime140.dll
Event: 0.219 Loading shared library C:\Program Files (Arm)\BellSoft\LibericaJDK-17-Full\bin\vcruntime140_1.dll failed, error code 193
Event: 0.219 Loading shared library C:\Windows\System32\vcruntime140_1.dll failed, error code 193
Event: 0.219 Loading shared library C:\Program Files (Arm)\BellSoft\LibericaJDK-17-Full\bin\vcruntime140_1.dll failed, error code 193
Event: 0.219 Loading shared library C:\Python312\vcruntime140_1.dll failed, error code 193
Event: 0.220 Loading shared library C:\Windows\System32\vcruntime140_1.dll failed, error code 193
Event: 0.220 Loading shared library C:\Program Files (Arm)\BellSoft\LibericaJDK-17-Full\bin\vcruntime140_1.dll failed, error code 193
Event: 0.220 Loaded shared library C:\Program Files (Arm)\BellSoft\LibericaJDK-17-Full\bin\msvcp140.dll
Event: 0.221 Loaded shared library C:\Program Files (Arm)\BellSoft\LibericaJDK-17-Full\bin\msvcp140_1.dll
Event: 0.222 Loaded shared library C:\Program Files (Arm)\BellSoft\LibericaJDK-17-Full\bin\msvcp140_2.dll
Event: 0.241 Loaded shared library C:\Program Files (Arm)\BellSoft\LibericaJDK-17-Full\bin\prism_d3d.dll
Event: 0.327 Loading shared library C:\Program Files (Arm)\BellSoft\LibericaJDK-17-Full\bin\vcruntime140_1.dll failed, error code 193
Event: 0.327 Loading shared library C:\Windows\System32\vcruntime140_1.dll failed, error code 193
Event: 0.328 Loading shared library C:\Program Files (Arm)\BellSoft\LibericaJDK-17-Full\bin\vcruntime140_1.dll failed, error code 193
Event: 0.328 Loading shared library C:\Python312\vcruntime140_1.dll failed, error code 193
Event: 0.328 Loading shared library C:\Windows\System32\vcruntime140_1.dll failed, error code 193
Event: 0.328 Loading shared library C:\Program Files (Arm)\BellSoft\LibericaJDK-17-Full\bin\vcruntime140_1.dll failed, error code 193
Event: 0.330 Loaded shared library C:\Program Files (Arm)\BellSoft\LibericaJDK-17-Full\bin\glass.dll
Event: 0.431 Loaded shared library C:\Program Files (Arm)\BellSoft\LibericaJDK-17-Full\bin\javafx_font.dll

Deoptimization events (20 events):
Event: 31.530 Thread 0x000001ad2d0f0ea0 DEOPT PACKING pc=0x000001ad13e24bc0 sp=0x0000004de2bfdfa0
Event: 31.530 Thread 0x000001ad2d0f0ea0 DEOPT UNPACKING pc=0x000001ad137a791c sp=0x0000004de2bfdf50 mode 2
Event: 31.530 Thread 0x000001ad2d0f0ea0 Uncommon trap: trap_request=0xffffffc6 fr.pc=0x000001ad13e24bc0 relative=0x0000000000000500
Event: 31.530 Thread 0x000001ad2d0f0ea0 Uncommon trap: reason=bimorphic_or_optimized_type_check action=maybe_recompile pc=0x000001ad13e24bc0 method=com.sun.javafx.event.EventHandlerManager.dispatchCapturingEvent(Ljavafx/event/Event;)Ljavafx/event/Event; @ 1 c2
Event: 31.530 Thread 0x000001ad2d0f0ea0 DEOPT PACKING pc=0x000001ad13e24bc0 sp=0x0000004de2bfdef0
Event: 31.530 Thread 0x000001ad2d0f0ea0 DEOPT UNPACKING pc=0x000001ad137a791c sp=0x0000004de2bfdea0 mode 2
Event: 31.530 Thread 0x000001ad2d0f0ea0 Uncommon trap: trap_request=0xffffffc6 fr.pc=0x000001ad13e24bc0 relative=0x0000000000000500
Event: 31.530 Thread 0x000001ad2d0f0ea0 Uncommon trap: reason=bimorphic_or_optimized_type_check action=maybe_recompile pc=0x000001ad13e24bc0 method=com.sun.javafx.event.EventHandlerManager.dispatchCapturingEvent(Ljavafx/event/Event;)Ljavafx/event/Event; @ 1 c2
Event: 31.530 Thread 0x000001ad2d0f0ea0 DEOPT PACKING pc=0x000001ad13e24bc0 sp=0x0000004de2bfde40
Event: 31.530 Thread 0x000001ad2d0f0ea0 DEOPT UNPACKING pc=0x000001ad137a791c sp=0x0000004de2bfddf0 mode 2
Event: 34.339 Thread 0x000001ad2d0f0ea0 Uncommon trap: trap_request=0xffffff6e fr.pc=0x000001ad13e2ab50 relative=0x00000000000001d0
Event: 34.339 Thread 0x000001ad2d0f0ea0 Uncommon trap: reason=loop_limit_check action=maybe_recompile pc=0x000001ad13e2ab50 method=javafx.scene.Parent.pickChildrenNode(Lcom/sun/javafx/geom/PickRay;Lcom/sun/javafx/scene/input/PickResultChooser;)Z @ 17 c2
Event: 34.339 Thread 0x000001ad2d0f0ea0 DEOPT PACKING pc=0x000001ad13e2ab50 sp=0x0000004de2bfde70
Event: 34.339 Thread 0x000001ad2d0f0ea0 DEOPT UNPACKING pc=0x000001ad137a791c sp=0x0000004de2bfdbb0 mode 2
Event: 34.346 Thread 0x000001ad2d0f0ea0 Uncommon trap: trap_request=0xffffff6e fr.pc=0x000001ad13e2d2b8 relative=0x0000000000000178
Event: 34.346 Thread 0x000001ad2d0f0ea0 Uncommon trap: reason=loop_limit_check action=maybe_recompile pc=0x000001ad13e2d2b8 method=javafx.scene.Parent.pickChildrenNode(Lcom/sun/javafx/geom/PickRay;Lcom/sun/javafx/scene/input/PickResultChooser;)Z @ 17 c2
Event: 34.346 Thread 0x000001ad2d0f0ea0 DEOPT PACKING pc=0x000001ad13e2d2b8 sp=0x0000004de2bfdb70
Event: 34.346 Thread 0x000001ad2d0f0ea0 DEOPT UNPACKING pc=0x000001ad137a791c sp=0x0000004de2bfd9b0 mode 2
Event: 34.911 Thread 0x000001ad2d0f1820 DEOPT PACKING pc=0x000001ad0c727ec8 sp=0x0000004de28ff3a0
Event: 34.911 Thread 0x000001ad2d0f1820 DEOPT UNPACKING pc=0x000001ad137a777c sp=0x0000004de28ff0a0 mode 3

Classes loaded (20 events):
Event: 0.622 Loading class jdk/internal/ref/CleanerImpl$InnocuousThreadFactory
Event: 0.622 Loading class jdk/internal/ref/CleanerImpl$InnocuousThreadFactory done
Event: 0.625 Loading class sun/misc/Unsafe
Event: 0.625 Loading class sun/misc/Unsafe done
Event: 0.724 Loading class javax/management/openmbean/CompositeDataSupport
Event: 0.724 Loading class javax/management/openmbean/CompositeDataSupport done
Event: 0.724 Loading class javax/management/openmbean/OpenDataException
Event: 0.724 Loading class javax/management/openmbean/OpenDataException done
Event: 0.726 Loading class java/io/ObjectStreamException
Event: 0.726 Loading class java/io/ObjectStreamException done
Event: 3.267 Loading class java/util/EnumMap$Values
Event: 3.268 Loading class java/util/EnumMap$Values done
Event: 3.268 Loading class java/util/EnumMap$ValueIterator
Event: 3.268 Loading class java/util/EnumMap$EnumMapIterator
Event: 3.268 Loading class java/util/EnumMap$EnumMapIterator done
Event: 3.268 Loading class java/util/EnumMap$ValueIterator done
Event: 34.913 Loading class java/util/IdentityHashMap$KeyIterator
Event: 34.913 Loading class java/util/IdentityHashMap$IdentityHashMapIterator
Event: 34.913 Loading class java/util/IdentityHashMap$IdentityHashMapIterator done
Event: 34.913 Loading class java/util/IdentityHashMap$KeyIterator done

Classes unloaded (0 events):
No events

Classes redefined (0 events):
No events

Internal exceptions (20 events):
Event: 0.366 Thread 0x000001ad2d0f0ea0 Exception <a 'java/lang/NoSuchMethodError'{0x0000000715e1d250}: 'void java.lang.invoke.DirectMethodHandle$Holder.invokeStaticInit(java.lang.Object)'> (0x0000000715e1d250) 
thrown [s\src\hotspot\share\interpreter\linkResolver.cpp, line 759]
Event: 0.367 Thread 0x000001ad0167b190 Exception <a 'java/lang/NoSuchMethodError'{0x0000000715cff9d8}: 'java.lang.Object java.lang.invoke.DirectMethodHandle$Holder.newInvokeSpecial(java.lang.Object, java.lang.Object, java.lang.Object, java.lang.Object, java.lang.Object, java.lang.Object)'> (0x0000000715cff9d8) 
thrown [s\src\hotspot\share\interpreter\linkResolver.cpp, line 759]
Event: 0.371 Thread 0x000001ad0167b190 Exception <a 'java/lang/NoSuchMethodError'{0x0000000715d126c8}: 'java.lang.Object java.lang.invoke.DirectMethodHandle$Holder.newInvokeSpecial(java.lang.Object, java.lang.Object, java.lang.Object, java.lang.Object, java.lang.Object)'> (0x0000000715d126c8) 
thrown [s\src\hotspot\share\interpreter\linkResolver.cpp, line 759]
Event: 0.386 Thread 0x000001ad2d0f0ea0 Exception <a 'sun/nio/fs/WindowsException'{0x0000000715a152c8}> (0x0000000715a152c8) 
thrown [s\src\hotspot\share\prims\jni.cpp, line 516]
Event: 0.405 Thread 0x000001ad2d0f0ea0 Exception <a 'java/lang/NoSuchMethodError'{0x0000000715a6cac8}: 'java.lang.Object java.lang.invoke.DirectMethodHandle$Holder.invokeStaticInit(java.lang.Object, java.lang.Object, java.lang.Object, java.lang.Object)'> (0x0000000715a6cac8) 
thrown [s\src\hotspot\share\interpreter\linkResolver.cpp, line 759]
Event: 0.406 Thread 0x000001ad2d0f0ea0 Exception <a 'java/lang/NullPointerException'{0x0000000715a75360}> (0x0000000715a75360) 
thrown [s\src\hotspot\share\interpreter\linkResolver.cpp, line 1350]
Event: 0.423 Thread 0x000001ad2d0f0ea0 Exception <a 'java/lang/ClassNotFoundException'{0x0000000715b8e278}: com/sun/glass/ui/win/themes> (0x0000000715b8e278) 
thrown [s\src\hotspot\share\prims\jni.cpp, line 535]
Event: 0.423 Thread 0x000001ad2d0f0ea0 Exception <a 'java/lang/ClassNotFoundException'{0x0000000715b9a050}: com/sun/glass/ui/win/themes_en> (0x0000000715b9a050) 
thrown [s\src\hotspot\share\prims\jni.cpp, line 535]
Event: 0.423 Thread 0x000001ad2d0f0ea0 Exception <a 'java/lang/ClassNotFoundException'{0x0000000715ba1d88}: com/sun/glass/ui/win/themes_en_GB> (0x0000000715ba1d88) 
thrown [s\src\hotspot\share\prims\jni.cpp, line 535]
Event: 0.463 Thread 0x000001ad2d0f0ea0 Exception <a 'java/lang/NoSuchMethodError'{0x00000007156328f0}: 'void java.lang.invoke.DirectMethodHandle$Holder.invokeSpecial(java.lang.Object, java.lang.Object, java.lang.Object, java.lang.Object, java.lang.Object)'> (0x00000007156328f0) 
thrown [s\src\hotspot\share\interpreter\linkResolver.cpp, line 759]
Event: 0.494 Thread 0x000001ad2d0f0ea0 Implicit null exception at 0x000001ad13d254e8 to 0x000001ad13d25574
Event: 0.566 Thread 0x000001ad2d0f0ea0 Exception <a 'java/lang/NoSuchMethodError'{0x000000070807e300}: 'java.lang.Object java.lang.invoke.DirectMethodHandle$Holder.invokeInterface(java.lang.Object, java.lang.Object, java.lang.Object)'> (0x000000070807e300) 
thrown [s\src\hotspot\share\interpreter\linkResolver.cpp, line 759]
Event: 0.566 Thread 0x000001ad2d0f0ea0 Exception <a 'java/lang/IncompatibleClassChangeError'{0x0000000708081c88}: Found class java.lang.Object, but interface was expected> (0x0000000708081c88) 
thrown [s\src\hotspot\share\interpreter\linkResolver.cpp, line 826]
Event: 0.596 Thread 0x000001ad2d0f0ea0 Exception <a 'java/lang/NoSuchMethodError'{0x000000070817c328}: 'java.lang.Object java.lang.invoke.DirectMethodHandle$Holder.newInvokeSpecial(java.lang.Object, java.lang.Object, int)'> (0x000000070817c328) 
thrown [s\src\hotspot\share\interpreter\linkResolver.cpp, line 759]
Event: 4.693 Thread 0x000001ad2d0f0ea0 Exception <a 'java/lang/NoSuchMethodError'{0x00000007081ef030}: 'long java.lang.invoke.DirectMethodHandle$Holder.invokeStatic(java.lang.Object, java.lang.Object, java.lang.Object)'> (0x00000007081ef030) 
thrown [s\src\hotspot\share\interpreter\linkResolver.cpp, line 759]
Event: 4.694 Thread 0x000001ad2d0f0ea0 Exception <a 'java/lang/NoSuchMethodError'{0x00000007081f27d8}: 'long java.lang.invoke.DirectMethodHandle$Holder.invokeStaticInit(java.lang.Object, java.lang.Object, java.lang.Object)'> (0x00000007081f27d8) 
thrown [s\src\hotspot\share\interpreter\linkResolver.cpp, line 759]
Event: 4.697 Thread 0x000001ad2d0f0ea0 Exception <a 'java/lang/NoSuchMethodError'{0x0000000707cb10c0}: 'java.lang.Object java.lang.invoke.DirectMethodHandle$Holder.newInvokeSpecial(java.lang.Object, java.lang.Object, long)'> (0x0000000707cb10c0) 
thrown [s\src\hotspot\share\interpreter\linkResolver.cpp, line 759]
Event: 4.799 Thread 0x000001ad2d0f0ea0 Exception <a 'java/lang/NoSuchMethodError'{0x0000000707cbee88}: 'java.lang.Object java.lang.invoke.DirectMethodHandle$Holder.newInvokeSpecial(java.lang.Object, java.lang.Object, int, int, int, int, int, java.lang.Object)'> (0x0000000707cbee88) 
thrown [s\src\hotspot\share\interpreter\linkResolver.cpp, line 759]
Event: 4.802 Thread 0x000001ad2d0f0ea0 Exception <a 'java/lang/NoSuchMethodError'{0x0000000707cd1e68}: 'java.lang.Object java.lang.invoke.DirectMethodHandle$Holder.newInvokeSpecial(java.lang.Object, java.lang.Object, java.lang.Object, int, int, int, int, int)'> (0x0000000707cd1e68) 
thrown [s\src\hotspot\share\interpreter\linkResolver.cpp, line 759]
Event: 4.803 Thread 0x000001ad2d0f0ea0 Exception <a 'java/lang/NoSuchMethodError'{0x0000000707cd96c8}: 'java.lang.Object java.lang.invoke.Invokers$Holder.linkToTargetMethod(java.lang.Object, java.lang.Object, int, int, int, int, int, java.lang.Object)'> (0x0000000707cd96c8) 
thrown [s\src\hotspot\share\interpreter\linkResolver.cpp, line 759]

VM Operations (20 events):
Event: 15.487 Executing VM operation: Cleanup
Event: 15.487 Executing VM operation: Cleanup done
Event: 16.489 Executing VM operation: Cleanup
Event: 16.489 Executing VM operation: Cleanup done
Event: 17.490 Executing VM operation: Cleanup
Event: 17.490 Executing VM operation: Cleanup done
Event: 23.492 Executing VM operation: Cleanup
Event: 23.492 Executing VM operation: Cleanup done
Event: 24.493 Executing VM operation: Cleanup
Event: 24.493 Executing VM operation: Cleanup done
Event: 26.493 Executing VM operation: Cleanup
Event: 26.493 Executing VM operation: Cleanup done
Event: 28.493 Executing VM operation: Cleanup
Event: 28.494 Executing VM operation: Cleanup done
Event: 30.494 Executing VM operation: Cleanup
Event: 30.494 Executing VM operation: Cleanup done
Event: 32.494 Executing VM operation: Cleanup
Event: 32.494 Executing VM operation: Cleanup done
Event: 34.495 Executing VM operation: Cleanup
Event: 34.495 Executing VM operation: Cleanup done

Memory protections (0 events):
No events

Nmethod flushes (0 events):
No events

Events (20 events):
Event: 0.120 Thread 0x000001ad0167b190 Thread added: 0x000001ad01679050
Event: 0.237 Thread 0x000001ad0167b190 Thread added: 0x000001ad2d0f1820
Event: 0.323 Thread 0x000001ad0167bb10 Thread added: 0x000001ad2d0f1ce0
Event: 0.331 Thread 0x000001ad0167b190 Thread added: 0x000001ad2d0f09e0
Event: 0.333 Thread 0x000001ad0167b190 Thread added: 0x000001ad2d0f0ea0
Event: 0.337 Thread 0x000001ad2d0f1ce0 Thread added: 0x000001ad2d0f2b20
Event: 0.351 Thread 0x000001ad2d0f2b20 Thread added: 0x000001ad2d0f2660
Event: 0.355 Thread 0x000001ad2d0f2b20 Thread added: 0x000001ad2d0f2fe0
Event: 0.371 Thread 0x000001ad0167b190 Thread added: 0x000001ad2d0f3960
Event: 0.385 Thread 0x000001ad2d0f0520 Thread added: 0x000001ad2d0f0520
Event: 0.564 Thread 0x000001ad2d0f0ea0 Thread added: 0x000001ad2d0f1360
Event: 0.622 Thread 0x000001ad2d0f1820 Thread added: 0x000001ad2d0f7260
Event: 0.881 Thread 0x000001ad01a9f430 Thread exited: 0x000001ad01a9f430
Event: 1.782 Thread 0x000001ad01aa0ed0 Thread exited: 0x000001ad01aa0ed0
Event: 5.982 Thread 0x000001ad2d0f1ce0 Thread added: 0x000001ad3b43a960
Event: 34.911 Thread 0x000001ad2d0f3960 Thread exited: 0x000001ad2d0f3960
Event: 34.913 Thread 0x000001ad0167b190 Thread exited: 0x000001ad0167b190
Event: 34.913 Thread 0x000001ad3b43a4a0 Thread added: 0x000001ad3b43a4a0
Event: 34.922 Thread 0x000001ad2d0f0ea0 Thread exited: 0x000001ad2d0f0ea0
Event: 34.922 Thread 0x000001ad3b43a4a0 Thread added: 0x000001ad3b437060


Dynamic libraries:
0x00007ff7f8ba0000 - 0x00007ff7f8bad000 	C:\Program Files (Arm)\BellSoft\LibericaJDK-17-Full\bin\java.exe
0x00007ff916740000 - 0x00007ff916b6a000 	C:\WINDOWS\SYSTEM32\ntdll.dll
0x00007ff9136b0000 - 0x00007ff913818000 	C:\WINDOWS\System32\KERNEL32.DLL
0x00007ff911fb0000 - 0x00007ff912611000 	C:\WINDOWS\System32\KERNELBASE.dll
0x00007ff912620000 - 0x00007ff912848000 	C:\WINDOWS\System32\ucrtbase.dll
0x00007ff8f58c0000 - 0x00007ff8f58d8000 	C:\Program Files (Arm)\BellSoft\LibericaJDK-17-Full\bin\jli.dll
0x00007ff8ee6c0000 - 0x00007ff8ee6f5000 	C:\Program Files (Arm)\BellSoft\LibericaJDK-17-Full\bin\VCRUNTIME140.dll
0x00007ff913a40000 - 0x00007ff913cc3000 	C:\WINDOWS\System32\USER32.dll
0x00007ff8f22b0000 - 0x00007ff8f272d000 	C:\WINDOWS\WinSxS\arm64_microsoft.windows.common-controls_6595b64144ccf1df_6.0.26100.4061_none_3e0cb0fee3307422\COMCTL32.dll
0x00007ff911970000 - 0x00007ff9119ce000 	C:\WINDOWS\System32\win32u.dll
0x00007ff9132e0000 - 0x00007ff913428000 	C:\WINDOWS\System32\msvcrt.dll
0x00007ff915790000 - 0x00007ff9157f8000 	C:\WINDOWS\System32\GDI32.dll
0x00007ff912940000 - 0x00007ff912b39000 	C:\WINDOWS\System32\gdi32full.dll
0x00007ff9119e0000 - 0x00007ff911b39000 	C:\WINDOWS\System32\msvcp_win.dll
0x00007ff913580000 - 0x00007ff9135d5000 	C:\WINDOWS\System32\IMM32.DLL
0x00007ff8895d0000 - 0x00007ff88972d000 	C:\Program Files (Arm)\BellSoft\LibericaJDK-17-Full\bin\msvcp140.dll
0x00007ff811b20000 - 0x00007ff8126cc000 	C:\Program Files (Arm)\BellSoft\LibericaJDK-17-Full\bin\server\jvm.dll
0x00007ff913430000 - 0x00007ff91356d000 	C:\WINDOWS\System32\ADVAPI32.dll
0x00007ff9146a0000 - 0x00007ff9147be000 	C:\WINDOWS\System32\sechost.dll
0x00007ff915050000 - 0x00007ff91524d000 	C:\WINDOWS\System32\RPCRT4.dll
0x00007ff915810000 - 0x00007ff9158d4000 	C:\WINDOWS\System32\WS2_32.dll
0x00007ff911740000 - 0x00007ff9117bc000 	C:\WINDOWS\SYSTEM32\POWRPROF.dll
0x00007ff8ff720000 - 0x00007ff8ff736000 	C:\WINDOWS\SYSTEM32\VERSION.dll
0x00007ff8ca930000 - 0x00007ff8ca994000 	C:\WINDOWS\SYSTEM32\WINMM.dll
0x00007ff911710000 - 0x00007ff911735000 	C:\WINDOWS\SYSTEM32\UMPDC.dll
0x00007ff90f820000 - 0x00007ff90f850000 	C:\WINDOWS\SYSTEM32\kernel.appcore.dll
0x00007ff901b30000 - 0x00007ff901b3a000 	C:\Program Files (Arm)\BellSoft\LibericaJDK-17-Full\bin\jimage.dll
0x00007ff90d140000 - 0x00007ff90d57a000 	C:\WINDOWS\SYSTEM32\DBGHELP.DLL
0x00007ff9149c0000 - 0x00007ff915040000 	C:\WINDOWS\System32\combase.dll
0x00007ff913120000 - 0x00007ff9132d2000 	C:\WINDOWS\System32\OLEAUT32.dll
0x00007ff8e9c50000 - 0x00007ff8e9cba000 	C:\WINDOWS\SYSTEM32\dbgcore.DLL
0x00007ff912850000 - 0x00007ff912930000 	C:\WINDOWS\System32\bcryptPrimitives.dll
0x00007ff8f5d30000 - 0x00007ff8f5d3f000 	C:\Program Files (Arm)\BellSoft\LibericaJDK-17-Full\bin\instrument.dll
0x00007ff8f4790000 - 0x00007ff8f47b6000 	C:\Program Files (Arm)\BellSoft\LibericaJDK-17-Full\bin\java.dll
0x00007ff9158e0000 - 0x00007ff9166ed000 	C:\WINDOWS\System32\SHELL32.dll
0x00007ff911c90000 - 0x00007ff911fa6000 	C:\WINDOWS\System32\wintypes.dll
0x00007ff90d880000 - 0x00007ff90ea53000 	C:\WINDOWS\SYSTEM32\windows.storage.dll
0x00007ff913820000 - 0x00007ff913a18000 	C:\WINDOWS\System32\SHCORE.dll
0x00007ff9135e0000 - 0x00007ff9136a0000 	C:\WINDOWS\System32\shlwapi.dll
0x00007ff911810000 - 0x00007ff911867000 	C:\WINDOWS\SYSTEM32\profapi.dll
0x00007ff8f4740000 - 0x00007ff8f475a000 	C:\Program Files (Arm)\BellSoft\LibericaJDK-17-Full\bin\net.dll
0x00007ff906ad0000 - 0x00007ff906cd3000 	C:\WINDOWS\SYSTEM32\WINHTTP.dll
0x00007ff910060000 - 0x00007ff91011e000 	C:\WINDOWS\system32\mswsock.dll
0x00007ff8f3ee0000 - 0x00007ff8f3ef6000 	C:\Program Files (Arm)\BellSoft\LibericaJDK-17-Full\bin\nio.dll
0x00007ff8f3af0000 - 0x00007ff8f3b08000 	C:\Program Files (Arm)\BellSoft\LibericaJDK-17-Full\bin\zip.dll
0x00007ff90efd0000 - 0x00007ff90f1d2000 	C:\WINDOWS\SYSTEM32\DNSAPI.dll
0x00007ff90eee0000 - 0x00007ff90ef3e000 	C:\WINDOWS\SYSTEM32\IPHLPAPI.DLL
0x00007ff9147d0000 - 0x00007ff9147e2000 	C:\WINDOWS\System32\NSI.dll
0x00007ff9060c0000 - 0x00007ff9060d5000 	C:\Windows\System32\rasadhlp.dll
0x00007ff907580000 - 0x00007ff907662000 	C:\WINDOWS\System32\fwpuclnt.dll
0x00007ff8f5d10000 - 0x00007ff8f5d19000 	C:\Program Files (Arm)\BellSoft\LibericaJDK-17-Full\bin\management.dll
0x00007ff8f5d00000 - 0x00007ff8f5d0c000 	C:\Program Files (Arm)\BellSoft\LibericaJDK-17-Full\bin\management_ext.dll
0x00007ff913a20000 - 0x00007ff913a2f000 	C:\WINDOWS\System32\PSAPI.DLL
0x00007ff8ee740000 - 0x00007ff8ee751000 	C:\Program Files (Arm)\BellSoft\LibericaJDK-17-Full\bin\msvcp140_1.dll
0x00007ff8e9e50000 - 0x00007ff8e9eb3000 	C:\Program Files (Arm)\BellSoft\LibericaJDK-17-Full\bin\msvcp140_2.dll
0x00007ff8ea4c0000 - 0x00007ff8ea4e9000 	C:\Program Files (Arm)\BellSoft\LibericaJDK-17-Full\bin\prism_d3d.dll
0x00007ff8d3830000 - 0x00007ff8d3b37000 	C:\WINDOWS\system32\d3d9.dll
0x00007ff90c5d0000 - 0x00007ff90c630000 	C:\WINDOWS\SYSTEM32\dwmapi.dll
0x00007ff90c2d0000 - 0x00007ff90c360000 	C:\WINDOWS\SYSTEM32\dxcore.dll
0x00007ff90c040000 - 0x00007ff90c163000 	C:\WINDOWS\system32\uxtheme.dll
0x00007ff90c210000 - 0x00007ff90c2cc000 	C:\WINDOWS\SYSTEM32\directxdatabasehelper.dll
0x00007ff9110a0000 - 0x00007ff911140000 	C:\WINDOWS\SYSTEM32\cfgmgr32.dll
0x00007ff910430000 - 0x00007ff910446000 	C:\WINDOWS\SYSTEM32\CRYPTBASE.DLL
0x00007ff910180000 - 0x00007ff9101d0000 	C:\WINDOWS\SYSTEM32\USERENV.dll
0x00007ff910690000 - 0x00007ff9106c1000 	C:\WINDOWS\SYSTEM32\CRYPTSP.dll
0x00007ff90f750000 - 0x00007ff90f7b9000 	C:\WINDOWS\system32\rsaenh.dll
0x00007ff9117c0000 - 0x00007ff911805000 	C:\WINDOWS\SYSTEM32\bcrypt.dll
0x00007ff907230000 - 0x00007ff907263000 	C:\WINDOWS\SYSTEM32\dhcpcsvc6.DLL
0x00007ff907150000 - 0x00007ff907199000 	C:\WINDOWS\SYSTEM32\dhcpcsvc.DLL
0x00007ff8ece00000 - 0x00007ff8ece2c000 	C:\WINDOWS\system32\napinsp.dll
0x00007ff8ecd60000 - 0x00007ff8ecdbe000 	C:\WINDOWS\system32\nlansp_c.dll
0x00007ff8f05c0000 - 0x00007ff8f05e3000 	C:\WINDOWS\System32\winrnr.dll
0x00007ff903590000 - 0x00007ff9035cc000 	C:\WINDOWS\system32\wshbth.dll
0x00007ff8e9e00000 - 0x00007ff8e9e43000 	C:\Program Files (Arm)\BellSoft\LibericaJDK-17-Full\bin\glass.dll
0x00007ff914380000 - 0x00007ff91453f000 	C:\WINDOWS\System32\COMDLG32.dll
0x00007ff912b40000 - 0x00007ff912df8000 	C:\WINDOWS\System32\ole32.dll
0x00007ff914870000 - 0x00007ff91494d000 	C:\WINDOWS\System32\coml2.dll
0x00007ff915320000 - 0x00007ff9155b2000 	C:\WINDOWS\System32\MSCTF.dll
0x00007ff8ee000000 - 0x00007ff8ee085000 	C:\WINDOWS\SYSTEM32\pdh.dll
0x00007ff8e3890000 - 0x00007ff8e38a4000 	C:\Program Files (Arm)\BellSoft\LibericaJDK-17-Full\bin\javafx_font.dll
0x00007ff909980000 - 0x00007ff909e0f000 	C:\WINDOWS\SYSTEM32\dwrite.dll
0x00007ff913cd0000 - 0x00007ff913df5000 	C:\WINDOWS\System32\clbcatq.dll
0x00007ff9095b0000 - 0x00007ff909976000 	C:\WINDOWS\SYSTEM32\WindowsCodecs.dll
0x00007ff8dcab0000 - 0x00007ff8dcd49000 	C:\WINDOWS\SYSTEM32\textinputframework.dll
0x00007ff90baf0000 - 0x00007ff90bd80000 	C:\WINDOWS\SYSTEM32\CoreMessaging.dll
0x00007ff8ea9d0000 - 0x00007ff8eb040000 	C:\WINDOWS\SYSTEM32\CoreUIComponents.dll
0x00007ff8d0530000 - 0x00007ff8d061d000 	C:\WINDOWS\system32\Oleacc.dll
0x00007ff8e4410000 - 0x00007ff8e442f000 	C:\WINDOWS\System32\perfproc.dll
0x00007ff8e43e0000 - 0x00007ff8e43ff000 	C:\WINDOWS\System32\perfos.dll
0x00007ff90ea90000 - 0x00007ff90eab1000 	C:\WINDOWS\SYSTEM32\pfclient.dll

dbghelp: loaded successfully - version: 4.0.5 - missing functions: none
symbol engine: initialized successfully - sym options: 0x614 - pdb path: .;C:\Program Files (Arm)\BellSoft\LibericaJDK-17-Full\bin;C:\WINDOWS\SYSTEM32;C:\WINDOWS\WinSxS\arm64_microsoft.windows.common-controls_6595b64144ccf1df_6.0.26100.4061_none_3e0cb0fee3307422;C:\Program Files (Arm)\BellSoft\LibericaJDK-17-Full\bin\server;C:\WINDOWS\System32\DriverStore\FileRepository\qcdx8380.inf_arm64_95e56db089b80d1a

VM Arguments:
jvm_args: -javaagent:C:\Program Files\JetBrains\IntelliJ IDEA 2025.1.1.1\lib\idea_rt.jar=56910 -Dfile.encoding=UTF-8 --module-path=C:\Users\sherr\.m2\repository\org\openjfx\javafx-controls\17.0.6\javafx-controls-17.0.6-win.jar;C:\Users\sherr\IdeaProjects\SoftwareArchitectureDesign-Group10\target\classes;C:\Users\sherr\.m2\repository\org\openjfx\javafx-web\17.0.6\javafx-web-17.0.6-win.jar;C:\Users\sherr\.m2\repository\org\openjfx\javafx-graphics\17.0.6\javafx-graphics-17.0.6-win.jar;C:\Users\sherr\.m2\repository\com\dlsc\formsfx\formsfx-core\11.6.0\formsfx-core-11.6.0.jar;C:\Users\sherr\.m2\repository\org\kordamp\bootstrapfx\bootstrapfx-core\0.4.0\bootstrapfx-core-0.4.0.jar;C:\Users\sherr\.m2\repository\net\synedra\validatorfx\0.5.0\validatorfx-0.5.0.jar;C:\Users\sherr\.m2\repository\org\openjfx\javafx-base\17.0.6\javafx-base-17.0.6-win.jar;C:\Users\sherr\.m2\repository\org\openjfx\javafx-media\17.0.6\javafx-media-17.0.6-win.jar;C:\Users\sherr\.m2\repository\org\controlsfx\controlsfx\11.2.1\controlsfx-11.2.1.jar;C:\Users\sherr\.m2\repository\org\kordamp\ikonli\ikonli-core\12.3.1\ikonli-core-12.3.1.jar;C:\Users\sherr\.m2\repository\org\openjfx\javafx-fxml\17.0.6\javafx-fxml-17.0.6-win.jar;C:\Users\sherr\.m2\repository\org\kordamp\ikonli\ikonli-javafx\12.3.1\ikonli-javafx-12.3.1.jar -Djdk.module.main=org.softwarearchitecturedesigngroup10 
java_command: org.softwarearchitecturedesigngroup10/org.softwarearchitecturedesigngroup10.MainApplication
java_class_path (initial): C:\Users\sherr\.m2\repository\org\openjfx\javafx-controls\17.0.6\javafx-controls-17.0.6.jar;C:\Users\sherr\.m2\repository\org\openjfx\javafx-graphics\17.0.6\javafx-graphics-17.0.6.jar;C:\Users\sherr\.m2\repository\org\openjfx\javafx-base\17.0.6\javafx-base-17.0.6.jar;C:\Users\sherr\.m2\repository\org\openjfx\javafx-fxml\17.0.6\javafx-fxml-17.0.6.jar;C:\Users\sherr\.m2\repository\org\openjfx\javafx-web\17.0.6\javafx-web-17.0.6.jar;C:\Users\sherr\.m2\repository\org\openjfx\javafx-media\17.0.6\javafx-media-17.0.6.jar;C:\Users\sherr\.m2\repository\org\openjfx\javafx-swing\17.0.6\javafx-swing-17.0.6.jar;C:\Users\sherr\.m2\repository\org\openjfx\javafx-swing\17.0.6\javafx-swing-17.0.6-win.jar;C:\Users\sherr\.m2\repository\eu\hansolo\tilesfx\21.0.3\tilesfx-21.0.3.jar;C:\Users\sherr\.m2\repository\eu\hansolo\fx\countries\21.0.3\countries-21.0.3.jar;C:\Users\sherr\.m2\repository\eu\hansolo\fx\heatmap\21.0.3\heatmap-21.0.3.jar;C:\Users\sherr\.m2\repository\eu\hansolo\toolboxfx\21.0.3\toolboxfx-21.0.3.jar;C:\Users\sherr\.m2\repository\eu\hansolo\toolbox\21.0.5\toolbox-21.0.5.jar
Launcher Type: SUN_STANDARD

[Global flags]
     intx CICompilerCount                          = 4                                         {product} {ergonomic}
     uint ConcGCThreads                            = 3                                         {product} {ergonomic}
     uint G1ConcRefinementThreads                  = 10                                        {product} {ergonomic}
   size_t G1HeapRegionSize                         = 2097152                                   {product} {ergonomic}
    uintx GCDrainStackTargetSize                   = 64                                        {product} {ergonomic}
   size_t InitialHeapSize                          = 262144000                                 {product} {ergonomic}
   size_t MarkStackSize                            = 4194304                                   {product} {ergonomic}
   size_t MaxHeapSize                              = 4188012544                                {product} {ergonomic}
   size_t MaxNewSize                               = 2512388096                                {product} {ergonomic}
   size_t MinHeapDeltaBytes                        = 2097152                                   {product} {ergonomic}
   size_t MinHeapSize                              = 8388608                                   {product} {ergonomic}
    uintx NonNMethodCodeHeapSize                   = 5839564                                {pd product} {ergonomic}
    uintx NonProfiledCodeHeapSize                  = 122909338                              {pd product} {ergonomic}
    uintx ProfiledCodeHeapSize                     = 122909338                              {pd product} {ergonomic}
    uintx ReservedCodeCacheSize                    = 251658240                              {pd product} {ergonomic}
     bool SegmentedCodeCache                       = true                                      {product} {ergonomic}
   size_t SoftMaxHeapSize                          = 4188012544                             {manageable} {ergonomic}
     bool UseCompressedClassPointers               = true                           {product lp64_product} {ergonomic}
     bool UseCompressedOops                        = true                           {product lp64_product} {ergonomic}
     bool UseG1GC                                  = true                                      {product} {ergonomic}
     bool UseLargePagesIndividualAllocation        = false                                  {pd product} {ergonomic}

Logging:
Log output configuration:
 #0: stdout all=warning uptime,level,tags
 #1: stderr all=off uptime,level,tags

Environment Variables:
JAVA_HOME=C:\Program Files (Arm)\BellSoft\LibericaJDK-17-Full\
PATH=C:\Program Files (Arm)\BellSoft\LibericaJDK-17-Full\bin\;C:\Program Files\Common Files\Oracle\Java\javapath;C:\Python312\Scripts\;C:\Python312\;C:\WINDOWS\system32;C:\WINDOWS;C:\WINDOWS\System32\Wbem;C:\WINDOWS\System32\WindowsPowerShell\v1.0\;C:\WINDOWS\System32\OpenSSH\;C:\Program Files\nodejs\;C:\ProgramData\chocolatey\bin;C:\Program Files\Microsoft VS Code\bin;C:\Program Files\Git\cmd;C:\Program Files\MATLAB\R2024b\bin;C:\Program Files\PuTTY\;C:\Users\sherr\AppData\Local\Microsoft\WindowsApps;C:\Users\sherr\AppData\Roaming\npm;C:\qemu-9.2.2;C:\Users\sherr\AppData\Local\JetBrains\Toolbox\scripts;;C:\Program Files\JetBrains\PyCharm Community Edition 2024.3.4\bin;;C:\Program Files\JetBrains\IntelliJ IDEA 2025.1.1.1\bin;
USERNAME=sherr
OS=Windows_NT
PROCESSOR_IDENTIFIER=ARMv8 (64-bit) Family 8 Model 1 Revision 201, Qualcomm Technologies Inc
TMP=C:\Users\sherr\AppData\Local\Temp
TEMP=C:\Users\sherr\AppData\Local\Temp



Periodic native trim disabled


---------------  S Y S T E M  ---------------

OS:
 Windows 11 , 64 bit Build 26100 (10.0.26100.3912)
OS uptime: 0 days 2:33 hours

CPU: total 12 (initial active 12) 0x00:0x0:0x000:0, simd, aes, sha1, sha256, crc
Processor Information for processor 0
  Max Mhz: 3417, Current Mhz: 3417, Mhz Limit: 3417
Processor Information for processor 1
  Max Mhz: 3417, Current Mhz: 3417, Mhz Limit: 3417
Processor Information for processor 2
  Max Mhz: 3417, Current Mhz: 1190, Mhz Limit: 3417
Processor Information for processor 3
  Max Mhz: 3417, Current Mhz: 1190, Mhz Limit: 3417
Processor Information for processor 4
  Max Mhz: 3417, Current Mhz: 3417, Mhz Limit: 3417
Processor Information for processor 5
  Max Mhz: 3417, Current Mhz: 3417, Mhz Limit: 3417
Processor Information for processor 6
  Max Mhz: 3417, Current Mhz: 3417, Mhz Limit: 3417
Processor Information for processor 7
  Max Mhz: 3417, Current Mhz: 3417, Mhz Limit: 3417
Processor Information for processor 8
  Max Mhz: 3417, Current Mhz: 710, Mhz Limit: 3417
Processor Information for processor 9
  Max Mhz: 3417, Current Mhz: 710, Mhz Limit: 3417
Processor Information for processor 10
  Max Mhz: 3417, Current Mhz: 710, Mhz Limit: 3417
Processor Information for processor 11
  Max Mhz: 3417, Current Mhz: 710, Mhz Limit: 3417

Memory: 4k page, system-wide physical 15973M (2327M free)
TotalPageFile size 20581M (AvailPageFile size 3307M)
current process WorkingSet (physical memory assigned to process): 384M, peak: 407M
current process commit charge ("private bytes"): 474M, peak: 532M

vm_info: OpenJDK 64-Bit Server VM (17.0.15+10-LTS) for windows-aarch64 JRE (17.0.15+10-LTS), built on Apr 10 2025 19:12:25 by "" with MS VC++ 17.1 (VS2022)

END.
